# JRE version: Java(TM) SE Runtime Environment (17.0.2+8) (build 17.0.2+8-LTS-86)
# Java VM: Java HotSpot(TM) 64-Bit Server VM (17.0.2+8-LTS-86, mixed mode, sharing, tiered, compressed oops, compressed class ptrs, g1 gc, windows-amd64)
GC Precious Log:
 CPUs: 12 total, 12 available
 Memory: 15720M
 Large Page Support: Disabled
 NUMA Support: Disabled
 Compressed Oops: Enabled (Zero based)
 Heap Region Size: 2M
 Heap Min Capacity: 8M
 Heap Initial Capacity: 246M
 Heap Max Capacity: 3932M
 Pre-touch: Disabled
 Parallel Workers: 10
 Concurrent Workers: 3
 Concurrent Refinement Workers: 10
 Periodic GC: Disabled
Heap:
 garbage-first heap   total 151552K, used 113741K [0x000000070a400000, 0x0000000800000000)
  region size 2048K, 32 young (65536K), 1 survivors (2048K)
 Metaspace       used 119951K, committed 121472K, reserved 1171456K
  class space    used 14032K, committed 15040K, reserved 1048576K
GC Heap History (20 events):
Event: 28692.312 GC heap before
{Heap before GC invocations=425 (full 44):
 garbage-first heap   total 151552K, used 127817K [0x000000070a400000, 0x0000000800000000)
  region size 2048K, 38 young (77824K), 1 survivors (2048K)
 Metaspace       used 119946K, committed 121472K, reserved 1171456K
  class space    used 14031K, committed 15040K, reserved 1048576K
}
Event: 28692.314 GC heap after
{Heap after GC invocations=426 (full 44):
 garbage-first heap   total 151552K, used 52128K [0x000000070a400000, 0x0000000800000000)
  region size 2048K, 1 young (2048K), 1 survivors (2048K)
 Metaspace       used 119946K, committed 121472K, reserved 1171456K
  class space    used 14031K, committed 15040K, reserved 1048576K
}
Event: 28740.558 GC heap before
{Heap before GC invocations=426 (full 44):
 garbage-first heap   total 151552K, used 127904K [0x000000070a400000, 0x0000000800000000)
  region size 2048K, 38 young (77824K), 1 survivors (2048K)
 Metaspace       used 119947K, committed 121472K, reserved 1171456K
  class space    used 14031K, committed 15040K, reserved 1048576K
}
Event: 28740.560 GC heap after
{Heap after GC invocations=427 (full 44):
 garbage-first heap   total 151552K, used 52297K [0x000000070a400000, 0x0000000800000000)
  region size 2048K, 1 young (2048K), 1 survivors (2048K)
 Metaspace       used 119947K, committed 121472K, reserved 1171456K
  class space    used 14031K, committed 15040K, reserved 1048576K
}
Event: 28748.633 GC heap before
{Heap before GC invocations=427 (full 44):
 garbage-first heap   total 151552K, used 128073K [0x000000070a400000, 0x0000000800000000)
  region size 2048K, 38 young (77824K), 1 survivors (2048K)
 Metaspace       used 119947K, committed 121472K, reserved 1171456K
  class space    used 14031K, committed 15040K, reserved 1048576K
}
Event: 28748.634 GC heap after
{Heap after GC invocations=428 (full 44):
 garbage-first heap   total 151552K, used 52157K [0x000000070a400000, 0x0000000800000000)
  region size 2048K, 1 young (2048K), 1 survivors (2048K)
 Metaspace       used 119947K, committed 121472K, reserved 1171456K
  class space    used 14031K, committed 15040K, reserved 1048576K
}
Event: 28752.072 GC heap before
{Heap before GC invocations=428 (full 44):
 garbage-first heap   total 151552K, used 127933K [0x000000070a400000, 0x0000000800000000)
  region size 2048K, 38 young (77824K), 1 survivors (2048K)
 Metaspace       used 119947K, committed 121472K, reserved 1171456K
  class space    used 14031K, committed 15040K, reserved 1048576K
}
Event: 28752.074 GC heap after
{Heap after GC invocations=429 (full 44):
 garbage-first heap   total 151552K, used 52127K [0x000000070a400000, 0x0000000800000000)
  region size 2048K, 1 young (2048K), 1 survivors (2048K)
 Metaspace       used 119947K, committed 121472K, reserved 1171456K
  class space    used 14031K, committed 15040K, reserved 1048576K
}
Event: 28757.254 GC heap before
{Heap before GC invocations=429 (full 44):
 garbage-first heap   total 151552K, used 127903K [0x000000070a400000, 0x0000000800000000)
  region size 2048K, 38 young (77824K), 1 survivors (2048K)
 Metaspace       used 119947K, committed 121472K, reserved 1171456K
  class space    used 14031K, committed 15040K, reserved 1048576K
}
Event: 28757.255 GC heap after
{Heap after GC invocations=430 (full 44):
 garbage-first heap   total 151552K, used 52174K [0x000000070a400000, 0x0000000800000000)
  region size 2048K, 1 young (2048K), 1 survivors (2048K)
 Metaspace       used 119947K, committed 121472K, reserved 1171456K
  class space    used 14031K, committed 15040K, reserved 1048576K
}
Event: 28765.773 GC heap before
{Heap before GC invocations=430 (full 44):
 garbage-first heap   total 151552K, used 127950K [0x000000070a400000, 0x0000000800000000)
  region size 2048K, 38 young (77824K), 1 survivors (2048K)
 Metaspace       used 119948K, committed 121472K, reserved 1171456K
  class space    used 14032K, committed 15040K, reserved 1048576K
}
Event: 28765.774 GC heap after
{Heap after GC invocations=431 (full 44):
 garbage-first heap   total 151552K, used 52362K [0x000000070a400000, 0x0000000800000000)
  region size 2048K, 1 young (2048K), 1 survivors (2048K)
 Metaspace       used 119948K, committed 121472K, reserved 1171456K
  class space    used 14032K, committed 15040K, reserved 1048576K
}
Event: 28769.325 GC heap before
{Heap before GC invocations=431 (full 44):
 garbage-first heap   total 151552K, used 128138K [0x000000070a400000, 0x0000000800000000)
  region size 2048K, 38 young (77824K), 1 survivors (2048K)
 Metaspace       used 119951K, committed 121472K, reserved 1171456K
  class space    used 14032K, committed 15040K, reserved 1048576K
}
Event: 28769.326 GC heap after
{Heap after GC invocations=432 (full 44):
 garbage-first heap   total 151552K, used 52227K [0x000000070a400000, 0x0000000800000000)
  region size 2048K, 1 young (2048K), 1 survivors (2048K)
 Metaspace       used 119951K, committed 121472K, reserved 1171456K
  class space    used 14032K, committed 15040K, reserved 1048576K
}
Event: 28772.916 GC heap before
{Heap before GC invocations=432 (full 44):
 garbage-first heap   total 151552K, used 128003K [0x000000070a400000, 0x0000000800000000)
  region size 2048K, 38 young (77824K), 1 survivors (2048K)
 Metaspace       used 119951K, committed 121472K, reserved 1171456K
  class space    used 14032K, committed 15040K, reserved 1048576K
}
Event: 28772.918 GC heap after
{Heap after GC invocations=433 (full 44):
 garbage-first heap   total 151552K, used 52211K [0x000000070a400000, 0x0000000800000000)
  region size 2048K, 1 young (2048K), 1 survivors (2048K)
 Metaspace       used 119951K, committed 121472K, reserved 1171456K
  class space    used 14032K, committed 15040K, reserved 1048576K
}
Event: 28778.149 GC heap before
{Heap before GC invocations=433 (full 44):
 garbage-first heap   total 151552K, used 127987K [0x000000070a400000, 0x0000000800000000)
  region size 2048K, 38 young (77824K), 1 survivors (2048K)
 Metaspace       used 119951K, committed 121472K, reserved 1171456K
  class space    used 14032K, committed 15040K, reserved 1048576K
}
Event: 28778.151 GC heap after
{Heap after GC invocations=434 (full 44):
 garbage-first heap   total 151552K, used 52346K [0x000000070a400000, 0x0000000800000000)
  region size 2048K, 1 young (2048K), 1 survivors (2048K)
 Metaspace       used 119951K, committed 121472K, reserved 1171456K
  class space    used 14032K, committed 15040K, reserved 1048576K
}
Event: 28784.518 GC heap before
{Heap before GC invocations=434 (full 44):
 garbage-first heap   total 151552K, used 128122K [0x000000070a400000, 0x0000000800000000)
  region size 2048K, 38 young (77824K), 1 survivors (2048K)
 Metaspace       used 119951K, committed 121472K, reserved 1171456K
  class space    used 14032K, committed 15040K, reserved 1048576K
}
Event: 28784.520 GC heap after
{Heap after GC invocations=435 (full 44):
 garbage-first heap   total 151552K, used 52301K [0x000000070a400000, 0x0000000800000000)
  region size 2048K, 1 young (2048K), 1 survivors (2048K)
 Metaspace       used 119951K, committed 121472K, reserved 1171456K
  class space    used 14032K, committed 15040K, reserved 1048576K
}

